<html>
<body>
<pre>
<h1>µVision Build Log</h1>
<h2>Tool Versions:</h2>
IDE-Version: ¦ÌVision V5.25.3.0
Copyright (C) 2018 ARM Ltd and ARM Germany GmbH. All rights reserved.
License Information: ee ee, ee, LIC=CZVNB-2BF5N-JUN4W-Q9DHY-LI2F0-M25NF
 
Tool Versions:
Toolchain:       PK51 Prof. Developers Kit  Version: 9.59.0.0
Toolchain Path:  E:\enviroment\Keiil5\C51\BIN
C Compiler:      C51.exe V9.59.0.0
Assembler:       A51.exe V8.2.7.0
Linker/Locator:  BL51.exe V6.22.2.0
Library Manager: LIB51.exe V4.30.1.0
Hex Converter:   OH51.exe V2.7.0.0
CPU DLL:         S8051.DLL V3.122.0.0
Dialog DLL:      DP51.DLL V2.66.0.0 
<h2>Project:</h2>
E:\SCHOOL\ÊµÏ°(year3)\DiningCar\CODE\51\proj51.uvproj
Project File Date:  07/08/2022

<h2>Output:</h2>
Build target 'Target 1'
compiling serailTestt.c...
serailTestt.c(1): warning C318: can't open file 'reg51.c'
serailTestt.c(4): error C202: 'P0': undefined identifier
serailTestt.c(5): error C202: 'P0': undefined identifier
serailTestt.c(6): error C202: 'P0': undefined identifier
serailTestt.c(7): error C202: 'P0': undefined identifier
serailTestt.c(8): error C202: 'P0': undefined identifier
serailTestt.c(9): error C202: 'P0': undefined identifier
serailTestt.c(11): error C202: 'P1': undefined identifier
serailTestt.c(12): error C202: 'P1': undefined identifier
serailTestt.c(13): error C202: 'P1': undefined identifier
serailTestt.c(14): error C202: 'P2': undefined identifier
serailTestt.c(15): error C202: 'P2': undefined identifier
serailTestt.c(17): error C202: 'P2': undefined identifier
serailTestt.c(18): error C202: 'P2': undefined identifier
serailTestt.c(19): error C202: 'P2': undefined identifier
serailTestt.c(20): error C202: 'P2': undefined identifier
serailTestt.c(21): error C202: 'P3': undefined identifier
serailTestt.c(22): error C202: 'P3': undefined identifier
serailTestt.c(23): error C202: 'P3': undefined identifier
serailTestt.c(24): error C202: 'P3': undefined identifier
serailTestt.c(26): error C202: 'P3': undefined identifier
serailTestt.c(27): error C202: 'P3': undefined identifier
serailTestt.c(28): error C202: 'P5': undefined identifier
serailTestt.c(29): error C202: 'P3': undefined identifier
serailTestt.c(30): error C202: 'P3': undefined identifier
Target not created.
Build Time Elapsed:  00:00:01
</pre>
</body>
</html>
